105.03.20 12:04 B D:\Projekte\www.art-we.de\page\jpg\artwe_links.gif <-- artwe /jpg artwe_links.gif
105.03.20 12:04 B D:\Projekte\www.art-we.de\page\jpg\artwe_rechts.gif <-- artwe /jpg artwe_rechts.gif
105.03.20 12:04 B D:\Projekte\www.art-we.de\page\jpg\einzel_1.jpg <-- artwe /jpg einzel_1.jpg
105.03.20 12:04 B D:\Projekte\www.art-we.de\page\jpg\einzel_1_t.jpg <-- artwe /jpg einzel_1_t.jpg
105.03.20 12:04 B D:\Projekte\www.art-we.de\page\jpg\einzel_2.jpg <-- artwe /jpg einzel_2.jpg
105.03.20 12:04 B D:\Projekte\www.art-we.de\page\jpg\einzel_2_t.jpg <-- artwe /jpg einzel_2_t.jpg
105.03.20 12:04 B D:\Projekte\www.art-we.de\page\jpg\einzel_3.jpg <-- artwe /jpg einzel_3.jpg
105.03.20 12:04 B D:\Projekte\www.art-we.de\page\jpg\einzel_3_t.jpg <-- artwe /jpg einzel_3_t.jpg
105.03.20 12:04 B D:\Projekte\www.art-we.de\page\jpg\einzel_4.jpg <-- artwe /jpg einzel_4.jpg
105.03.20 12:04 B D:\Projekte\www.art-we.de\page\jpg\einzel_4_t.jpg <-- artwe /jpg einzel_4_t.jpg
105.03.20 12:04 B D:\Projekte\www.art-we.de\page\jpg\einzel_5.jpg <-- artwe /jpg einzel_5.jpg
105.03.20 12:04 B D:\Projekte\www.art-we.de\page\jpg\einzel_5_t.jpg <-- artwe /jpg einzel_5_t.jpg
105.03.20 12:04 B D:\Projekte\www.art-we.de\page\jpg\galerie.gif <-- artwe /jpg galerie.gif
105.03.20 12:04 B D:\Projekte\www.art-we.de\page\jpg\galerie_on.gif <-- artwe /jpg galerie_on.gif
105.03.20 12:04 B D:\Projekte\www.art-we.de\page\jpg\home.gif <-- artwe /jpg home.gif
105.03.20 12:04 B D:\Projekte\www.art-we.de\page\jpg\home_on.gif <-- artwe /jpg home_on.gif
105.03.20 12:04 B D:\Projekte\www.art-we.de\page\jpg\impr.gif <-- artwe /jpg impr.gif
105.03.20 12:04 B D:\Projekte\www.art-we.de\page\jpg\impr_on.gif <-- artwe /jpg impr_on.gif
105.03.20 12:04 B D:\Projekte\www.art-we.de\page\jpg\kontakt.gif <-- artwe /jpg kontakt.gif
105.03.20 12:04 B D:\Projekte\www.art-we.de\page\jpg\kontakt_on.gif <-- artwe /jpg kontakt_on.gif
105.03.20 12:04 B D:\Projekte\www.art-we.de\page\jpg\links.gif <-- artwe /jpg links.gif
105.03.20 12:04 B D:\Projekte\www.art-we.de\page\jpg\links_on.gif <-- artwe /jpg links_on.gif
105.03.20 12:04 B D:\Projekte\www.art-we.de\page\jpg\logo00.gif <-- artwe /jpg logo00.gif
105.03.20 12:04 B D:\Projekte\www.art-we.de\page\jpg\logo01.gif <-- artwe /jpg logo01.gif
105.03.20 12:04 B D:\Projekte\www.art-we.de\page\jpg\oben.html <-- artwe /jpg oben.html
105.03.20 12:04 B D:\Projekte\www.art-we.de\page\jpg\picx.gif <-- artwe /jpg picx.gif
105.03.20 12:04 B D:\Projekte\www.art-we.de\page\jpg\picx2.gif <-- artwe /jpg picx2.gif
105.03.20 12:04 B D:\Projekte\www.art-we.de\page\jpg\presse.gif <-- artwe /jpg presse.gif
105.03.20 12:04 B D:\Projekte\www.art-we.de\page\jpg\presse_on.gif <-- artwe /jpg presse_on.gif
105.03.20 12:04 B D:\Projekte\www.art-we.de\page\jpg\profile_1.jpg <-- artwe /jpg profile_1.jpg
105.03.20 12:04 B D:\Projekte\www.art-we.de\page\jpg\profile_1_t.jpg <-- artwe /jpg profile_1_t.jpg
105.03.20 12:04 B D:\Projekte\www.art-we.de\page\jpg\profile_2.jpg <-- artwe /jpg profile_2.jpg
105.03.20 12:04 B D:\Projekte\www.art-we.de\page\jpg\profile_2_t.jpg <-- artwe /jpg profile_2_t.jpg
105.03.20 12:04 B D:\Projekte\www.art-we.de\page\jpg\profile_3.jpg <-- artwe /jpg profile_3.jpg
105.03.20 12:04 B D:\Projekte\www.art-we.de\page\jpg\profile_3_t.jpg <-- artwe /jpg profile_3_t.jpg
105.03.20 12:04 B D:\Projekte\www.art-we.de\page\jpg\profile_4.jpg <-- artwe /jpg profile_4.jpg
105.03.20 12:04 B D:\Projekte\www.art-we.de\page\jpg\profile_4_t.jpg <-- artwe /jpg profile_4_t.jpg
105.03.20 12:04 B D:\Projekte\www.art-we.de\page\jpg\profile_5.jpg <-- artwe /jpg profile_5.jpg
105.03.20 12:04 B D:\Projekte\www.art-we.de\page\jpg\profile_5_t.jpg <-- artwe /jpg profile_5_t.jpg
105.03.20 12:04 B D:\Projekte\www.art-we.de\page\jpg\projekte.gif <-- artwe /jpg projekte.gif
105.03.20 12:04 B D:\Projekte\www.art-we.de\page\jpg\projekte_on.gif <-- artwe /jpg projekte_on.gif
105.03.20 12:04 B D:\Projekte\www.art-we.de\page\jpg\sw_1.jpg <-- artwe /jpg sw_1.jpg
105.03.20 12:04 B D:\Projekte\www.art-we.de\page\jpg\sw_1_t.jpg <-- artwe /jpg sw_1_t.jpg
105.03.20 12:04 B D:\Projekte\www.art-we.de\page\jpg\sw_2.jpg <-- artwe /jpg sw_2.jpg
105.03.20 12:04 B D:\Projekte\www.art-we.de\page\jpg\sw_2_t.jpg <-- artwe /jpg sw_2_t.jpg
105.03.20 12:04 B D:\Projekte\www.art-we.de\page\jpg\sw_3.jpg <-- artwe /jpg sw_3.jpg
105.03.20 12:04 B D:\Projekte\www.art-we.de\page\jpg\sw_3_t.jpg <-- artwe /jpg sw_3_t.jpg
105.03.20 12:04 B D:\Projekte\www.art-we.de\page\jpg\sw_4.jpg <-- artwe /jpg sw_4.jpg
105.03.20 12:04 B D:\Projekte\www.art-we.de\page\jpg\sw_4_t.jpg <-- artwe /jpg sw_4_t.jpg
105.03.20 12:04 B D:\Projekte\www.art-we.de\page\jpg\sw_5.jpg <-- artwe /jpg sw_5.jpg
105.03.20 12:04 B D:\Projekte\www.art-we.de\page\jpg\sw_5_t.jpg <-- artwe /jpg sw_5_t.jpg
105.03.20 12:04 B D:\Projekte\www.art-we.de\page\jpg\vita.gif <-- artwe /jpg vita.gif
105.03.20 12:04 B D:\Projekte\www.art-we.de\page\jpg\vita_on.gif <-- artwe /jpg vita_on.gif
105.03.20 12:04 B D:\Projekte\www.art-we.de\page\jpg\vita_pic.jpg <-- artwe /jpg vita_pic.jpg
105.03.20 12:04 B D:\Projekte\www.art-we.de\page\jpg\wandl_1.jpg <-- artwe /jpg wandl_1.jpg
105.03.20 12:04 B D:\Projekte\www.art-we.de\page\jpg\wandl_1_t.jpg <-- artwe /jpg wandl_1_t.jpg
105.03.20 12:04 B D:\Projekte\www.art-we.de\page\jpg\wandl_2.jpg <-- artwe /jpg wandl_2.jpg
105.03.20 12:04 B D:\Projekte\www.art-we.de\page\jpg\wandl_2_t.jpg <-- artwe /jpg wandl_2_t.jpg
105.03.20 12:04 B D:\Projekte\www.art-we.de\page\jpg\wandl_3.jpg <-- artwe /jpg wandl_3.jpg
105.03.20 12:04 B D:\Projekte\www.art-we.de\page\jpg\wandl_3_t.jpg <-- artwe /jpg wandl_3_t.jpg
105.03.20 12:04 B D:\Projekte\www.art-we.de\page\jpg\wandl_4.jpg <-- artwe /jpg wandl_4.jpg
105.03.20 12:04 B D:\Projekte\www.art-we.de\page\jpg\wandl_4_t.jpg <-- artwe /jpg wandl_4_t.jpg
105.03.20 12:04 B D:\Projekte\www.art-we.de\page\jpg\wandl_5.jpg <-- artwe /jpg wandl_5.jpg
105.03.20 12:04 B D:\Projekte\www.art-we.de\page\jpg\wandl_5_t.jpg <-- artwe /jpg wandl_5_t.jpg
105.03.20 12:05 B D:\Projekte\www.art-we.de\page\jpg\artwe_links.gif <-- artwe /jpg artwe_links.gif
105.03.20 12:05 B D:\Projekte\www.art-we.de\page\jpg\artwe_rechts.gif <-- artwe /jpg artwe_rechts.gif
105.03.20 12:05 B D:\Projekte\www.art-we.de\page\jpg\einzel_1.jpg <-- artwe /jpg einzel_1.jpg
105.03.20 12:05 B D:\Projekte\www.art-we.de\page\jpg\einzel_1_t.jpg <-- artwe /jpg einzel_1_t.jpg
105.03.20 12:05 B D:\Projekte\www.art-we.de\page\jpg\einzel_2.jpg <-- artwe /jpg einzel_2.jpg
105.03.20 12:05 B D:\Projekte\www.art-we.de\page\jpg\einzel_2_t.jpg <-- artwe /jpg einzel_2_t.jpg
105.03.20 12:05 B D:\Projekte\www.art-we.de\page\jpg\einzel_3.jpg <-- artwe /jpg einzel_3.jpg
105.03.20 12:05 B D:\Projekte\www.art-we.de\page\jpg\einzel_3_t.jpg <-- artwe /jpg einzel_3_t.jpg
105.03.20 12:05 B D:\Projekte\www.art-we.de\page\jpg\einzel_4.jpg <-- artwe /jpg einzel_4.jpg
105.03.20 12:05 B D:\Projekte\www.art-we.de\page\jpg\einzel_4_t.jpg <-- artwe /jpg einzel_4_t.jpg
105.03.20 12:05 B D:\Projekte\www.art-we.de\page\jpg\einzel_5.jpg <-- artwe /jpg einzel_5.jpg
105.03.20 12:05 B D:\Projekte\www.art-we.de\page\jpg\einzel_5_t.jpg <-- artwe /jpg einzel_5_t.jpg
105.03.20 12:05 B D:\Projekte\www.art-we.de\page\jpg\galerie.gif <-- artwe /jpg galerie.gif
105.03.20 12:05 B D:\Projekte\www.art-we.de\page\jpg\galerie_on.gif <-- artwe /jpg galerie_on.gif
105.03.20 12:05 B D:\Projekte\www.art-we.de\page\jpg\home.gif <-- artwe /jpg home.gif
105.03.20 12:05 B D:\Projekte\www.art-we.de\page\jpg\home_on.gif <-- artwe /jpg home_on.gif
105.03.20 12:05 B D:\Projekte\www.art-we.de\page\jpg\impr.gif <-- artwe /jpg impr.gif
105.03.20 12:05 B D:\Projekte\www.art-we.de\page\jpg\impr_on.gif <-- artwe /jpg impr_on.gif
105.03.20 12:05 B D:\Projekte\www.art-we.de\page\jpg\kontakt.gif <-- artwe /jpg kontakt.gif
105.03.20 12:05 B D:\Projekte\www.art-we.de\page\jpg\kontakt_on.gif <-- artwe /jpg kontakt_on.gif
105.03.20 12:05 B D:\Projekte\www.art-we.de\page\jpg\links.gif <-- artwe /jpg links.gif
105.03.20 12:05 B D:\Projekte\www.art-we.de\page\jpg\links_on.gif <-- artwe /jpg links_on.gif
105.03.20 12:05 B D:\Projekte\www.art-we.de\page\jpg\logo00.gif <-- artwe /jpg logo00.gif
105.03.20 12:05 B D:\Projekte\www.art-we.de\page\jpg\logo01.gif <-- artwe /jpg logo01.gif
105.03.20 12:05 B D:\Projekte\www.art-we.de\page\jpg\oben.html <-- artwe /jpg oben.html
105.03.20 12:05 B D:\Projekte\www.art-we.de\page\jpg\picx.gif <-- artwe /jpg picx.gif
105.03.20 12:05 B D:\Projekte\www.art-we.de\page\jpg\picx2.gif <-- artwe /jpg picx2.gif
105.03.20 12:05 B D:\Projekte\www.art-we.de\page\jpg\presse.gif <-- artwe /jpg presse.gif
105.03.20 12:05 B D:\Projekte\www.art-we.de\page\jpg\presse_on.gif <-- artwe /jpg presse_on.gif
105.03.20 12:05 B D:\Projekte\www.art-we.de\page\jpg\profile_1.jpg <-- artwe /jpg profile_1.jpg
105.03.20 12:05 B D:\Projekte\www.art-we.de\page\jpg\profile_1_t.jpg <-- artwe /jpg profile_1_t.jpg
105.03.20 12:05 B D:\Projekte\www.art-we.de\page\jpg\profile_2.jpg <-- artwe /jpg profile_2.jpg
105.03.20 12:05 B D:\Projekte\www.art-we.de\page\jpg\profile_2_t.jpg <-- artwe /jpg profile_2_t.jpg
105.03.20 12:05 B D:\Projekte\www.art-we.de\page\jpg\profile_3.jpg <-- artwe /jpg profile_3.jpg
105.03.20 12:05 B D:\Projekte\www.art-we.de\page\jpg\profile_3_t.jpg <-- artwe /jpg profile_3_t.jpg
105.03.20 12:05 B D:\Projekte\www.art-we.de\page\jpg\profile_4.jpg <-- artwe /jpg profile_4.jpg
105.03.20 12:05 B D:\Projekte\www.art-we.de\page\jpg\profile_4_t.jpg <-- artwe /jpg profile_4_t.jpg
105.03.20 12:05 B D:\Projekte\www.art-we.de\page\jpg\profile_5.jpg <-- artwe /jpg profile_5.jpg
105.03.20 12:05 B D:\Projekte\www.art-we.de\page\jpg\profile_5_t.jpg <-- artwe /jpg profile_5_t.jpg
105.03.20 12:05 B D:\Projekte\www.art-we.de\page\jpg\projekte.gif <-- artwe /jpg projekte.gif
105.03.20 12:05 B D:\Projekte\www.art-we.de\page\jpg\projekte_on.gif <-- artwe /jpg projekte_on.gif
105.03.20 12:05 B D:\Projekte\www.art-we.de\page\jpg\sw_1.jpg <-- artwe /jpg sw_1.jpg
105.03.20 12:05 B D:\Projekte\www.art-we.de\page\jpg\sw_1_t.jpg <-- artwe /jpg sw_1_t.jpg
105.03.20 12:05 B D:\Projekte\www.art-we.de\page\jpg\sw_2.jpg <-- artwe /jpg sw_2.jpg
105.03.20 12:05 B D:\Projekte\www.art-we.de\page\jpg\sw_2_t.jpg <-- artwe /jpg sw_2_t.jpg
105.03.20 12:05 B D:\Projekte\www.art-we.de\page\jpg\sw_3.jpg <-- artwe /jpg sw_3.jpg
105.03.20 12:05 B D:\Projekte\www.art-we.de\page\jpg\sw_3_t.jpg <-- artwe /jpg sw_3_t.jpg
105.03.20 12:05 B D:\Projekte\www.art-we.de\page\jpg\sw_4.jpg <-- artwe /jpg sw_4.jpg
105.03.20 12:05 B D:\Projekte\www.art-we.de\page\jpg\sw_4_t.jpg <-- artwe /jpg sw_4_t.jpg
105.03.20 12:05 B D:\Projekte\www.art-we.de\page\jpg\sw_5.jpg <-- artwe /jpg sw_5.jpg
105.03.20 12:05 B D:\Projekte\www.art-we.de\page\jpg\sw_5_t.jpg <-- artwe /jpg sw_5_t.jpg
105.03.20 12:05 B D:\Projekte\www.art-we.de\page\jpg\vita.gif <-- artwe /jpg vita.gif
105.03.20 12:05 B D:\Projekte\www.art-we.de\page\jpg\vita_on.gif <-- artwe /jpg vita_on.gif
105.03.20 12:05 B D:\Projekte\www.art-we.de\page\jpg\vita_pic.jpg <-- artwe /jpg vita_pic.jpg
105.03.20 12:05 B D:\Projekte\www.art-we.de\page\jpg\wandl_1.jpg <-- artwe /jpg wandl_1.jpg
105.03.20 12:05 B D:\Projekte\www.art-we.de\page\jpg\wandl_1_t.jpg <-- artwe /jpg wandl_1_t.jpg
105.03.20 12:05 B D:\Projekte\www.art-we.de\page\jpg\wandl_2.jpg <-- artwe /jpg wandl_2.jpg
105.03.20 12:05 B D:\Projekte\www.art-we.de\page\jpg\wandl_2_t.jpg <-- artwe /jpg wandl_2_t.jpg
105.03.20 12:05 B D:\Projekte\www.art-we.de\page\jpg\wandl_3.jpg <-- artwe /jpg wandl_3.jpg
105.03.20 12:05 B D:\Projekte\www.art-we.de\page\jpg\wandl_3_t.jpg <-- artwe /jpg wandl_3_t.jpg
105.03.20 12:05 B D:\Projekte\www.art-we.de\page\jpg\wandl_4.jpg <-- artwe /jpg wandl_4.jpg
105.03.20 12:05 B D:\Projekte\www.art-we.de\page\jpg\wandl_4_t.jpg <-- artwe /jpg wandl_4_t.jpg
105.03.20 12:05 B D:\Projekte\www.art-we.de\page\jpg\wandl_5.jpg <-- artwe /jpg wandl_5.jpg
105.03.20 12:05 B D:\Projekte\www.art-we.de\page\jpg\wandl_5_t.jpg <-- artwe /jpg wandl_5_t.jpg
105.03.20 20:26 B D:\Projekte\www.art-we.de\page\jpg\artwe_links.gif --> www.art-we.de /jpg artwe_links.gif
105.03.20 20:26 B D:\Projekte\www.art-we.de\page\jpg\artwe_rechts.gif --> www.art-we.de /jpg artwe_rechts.gif
105.03.20 20:26 B D:\Projekte\www.art-we.de\page\jpg\galerie.gif --> www.art-we.de /jpg galerie.gif
105.03.20 20:26 B D:\Projekte\www.art-we.de\page\jpg\galerie_on.gif --> www.art-we.de /jpg galerie_on.gif
105.03.20 20:26 B D:\Projekte\www.art-we.de\page\jpg\home.gif --> www.art-we.de /jpg home.gif
105.03.20 20:26 B D:\Projekte\www.art-we.de\page\jpg\home_on.gif --> www.art-we.de /jpg home_on.gif
105.03.20 20:26 B D:\Projekte\www.art-we.de\page\jpg\impr.gif --> www.art-we.de /jpg impr.gif
105.03.20 20:26 B D:\Projekte\www.art-we.de\page\jpg\impr_on.gif --> www.art-we.de /jpg impr_on.gif
105.03.20 20:26 B D:\Projekte\www.art-we.de\page\jpg\kontakt.gif --> www.art-we.de /jpg kontakt.gif
105.03.20 20:26 B D:\Projekte\www.art-we.de\page\jpg\kontakt_on.gif --> www.art-we.de /jpg kontakt_on.gif
105.03.20 20:26 B D:\Projekte\www.art-we.de\page\jpg\links.gif --> www.art-we.de /jpg links.gif
105.03.20 20:26 B D:\Projekte\www.art-we.de\page\jpg\links_on.gif --> www.art-we.de /jpg links_on.gif
105.03.20 20:26 B D:\Projekte\www.art-we.de\page\jpg\logo00.gif --> www.art-we.de /jpg logo00.gif
105.03.20 20:26 B D:\Projekte\www.art-we.de\page\jpg\logo01.gif --> www.art-we.de /jpg logo01.gif
105.03.20 20:26 B D:\Projekte\www.art-we.de\page\jpg\oben.html --> www.art-we.de /jpg oben.html
105.03.20 20:26 B D:\Projekte\www.art-we.de\page\jpg\picx.gif --> www.art-we.de /jpg picx.gif
105.03.20 20:26 B D:\Projekte\www.art-we.de\page\jpg\picx2.gif --> www.art-we.de /jpg picx2.gif
105.03.20 20:26 B D:\Projekte\www.art-we.de\page\jpg\presse.gif --> www.art-we.de /jpg presse.gif
105.03.20 20:26 B D:\Projekte\www.art-we.de\page\jpg\presse_on.gif --> www.art-we.de /jpg presse_on.gif
105.03.20 20:26 B D:\Projekte\www.art-we.de\page\jpg\projekte.gif --> www.art-we.de /jpg projekte.gif
105.03.20 20:26 B D:\Projekte\www.art-we.de\page\jpg\projekte_on.gif --> www.art-we.de /jpg projekte_on.gif
105.03.20 20:26 B D:\Projekte\www.art-we.de\page\jpg\vita.gif --> www.art-we.de /jpg vita.gif
105.03.20 20:26 B D:\Projekte\www.art-we.de\page\jpg\vita_on.gif --> www.art-we.de /jpg vita_on.gif
105.03.20 20:26 B D:\Projekte\www.art-we.de\page\jpg\vita_pic.jpg --> www.art-we.de /jpg vita_pic.jpg
105.03.20 20:26 B D:\Projekte\www.art-we.de\page\jpg\WS_FTP.LOG --> www.art-we.de /jpg WS_FTP.LOG
105.03.20 21:23 B D:\Projekte\www.art-we.de\page\jpg\artwe_links.gif --> www.art-we.de /jpg artwe_links.gif
105.03.20 21:23 B D:\Projekte\www.art-we.de\page\jpg\artwe_rechts.gif --> www.art-we.de /jpg artwe_rechts.gif
105.03.20 21:23 B D:\Projekte\www.art-we.de\page\jpg\galerie.gif --> www.art-we.de /jpg galerie.gif
105.03.20 21:23 B D:\Projekte\www.art-we.de\page\jpg\galerie_on.gif --> www.art-we.de /jpg galerie_on.gif
105.03.20 21:23 B D:\Projekte\www.art-we.de\page\jpg\home.gif --> www.art-we.de /jpg home.gif
105.03.20 21:23 B D:\Projekte\www.art-we.de\page\jpg\home_on.gif --> www.art-we.de /jpg home_on.gif
105.03.20 21:23 B D:\Projekte\www.art-we.de\page\jpg\impr.gif --> www.art-we.de /jpg impr.gif
105.03.20 21:23 B D:\Projekte\www.art-we.de\page\jpg\impr_on.gif --> www.art-we.de /jpg impr_on.gif
105.03.20 21:23 B D:\Projekte\www.art-we.de\page\jpg\kontakt.gif --> www.art-we.de /jpg kontakt.gif
105.03.20 21:23 B D:\Projekte\www.art-we.de\page\jpg\kontakt_on.gif --> www.art-we.de /jpg kontakt_on.gif
105.03.20 21:23 B D:\Projekte\www.art-we.de\page\jpg\links.gif --> www.art-we.de /jpg links.gif
105.03.20 21:23 B D:\Projekte\www.art-we.de\page\jpg\links_on.gif --> www.art-we.de /jpg links_on.gif
105.03.20 21:23 B D:\Projekte\www.art-we.de\page\jpg\logo00.gif --> www.art-we.de /jpg logo00.gif
105.03.20 21:23 B D:\Projekte\www.art-we.de\page\jpg\logo01.gif --> www.art-we.de /jpg logo01.gif
105.03.20 21:23 B D:\Projekte\www.art-we.de\page\jpg\oben.html --> www.art-we.de /jpg oben.html
105.03.20 21:23 B D:\Projekte\www.art-we.de\page\jpg\picx.gif --> www.art-we.de /jpg picx.gif
105.03.20 21:23 B D:\Projekte\www.art-we.de\page\jpg\picx2.gif --> www.art-we.de /jpg picx2.gif
105.03.20 21:23 B D:\Projekte\www.art-we.de\page\jpg\presse.gif --> www.art-we.de /jpg presse.gif
105.03.20 21:23 B D:\Projekte\www.art-we.de\page\jpg\presse_on.gif --> www.art-we.de /jpg presse_on.gif
105.03.20 21:23 B D:\Projekte\www.art-we.de\page\jpg\projekte.gif --> www.art-we.de /jpg projekte.gif
105.03.20 21:23 B D:\Projekte\www.art-we.de\page\jpg\projekte_on.gif --> www.art-we.de /jpg projekte_on.gif
105.03.20 21:23 B D:\Projekte\www.art-we.de\page\jpg\vita.gif --> www.art-we.de /jpg vita.gif
105.03.20 21:23 B D:\Projekte\www.art-we.de\page\jpg\vita_on.gif --> www.art-we.de /jpg vita_on.gif
105.03.20 21:23 B D:\Projekte\www.art-we.de\page\jpg\vita_pic.jpg --> www.art-we.de /jpg vita_pic.jpg
105.03.20 21:23 B D:\Projekte\www.art-we.de\page\jpg\WS_FTP.LOG --> www.art-we.de /jpg WS_FTP.LOG
105.03.20 21:44 B D:\Projekte\www.art-we.de\page\jpg\presse.gif --> www.art-we.de /jpg presse.gif
105.03.21 19:16 B D:\Projekte\www.art-we.de\page\jpg\artwe_links.gif --> www.art-we.de /jpg artwe_links.gif
105.03.21 19:16 B D:\Projekte\www.art-we.de\page\jpg\artwe_rechts.gif --> www.art-we.de /jpg artwe_rechts.gif
105.03.21 19:16 B D:\Projekte\www.art-we.de\page\jpg\galerie.gif --> www.art-we.de /jpg galerie.gif
105.03.21 19:16 B D:\Projekte\www.art-we.de\page\jpg\galerie_on.gif --> www.art-we.de /jpg galerie_on.gif
105.03.21 19:16 B D:\Projekte\www.art-we.de\page\jpg\home.gif --> www.art-we.de /jpg home.gif
105.03.21 19:16 B D:\Projekte\www.art-we.de\page\jpg\home_on.gif --> www.art-we.de /jpg home_on.gif
105.03.21 19:16 B D:\Projekte\www.art-we.de\page\jpg\impr.gif --> www.art-we.de /jpg impr.gif
105.03.21 19:16 B D:\Projekte\www.art-we.de\page\jpg\impr_on.gif --> www.art-we.de /jpg impr_on.gif
105.03.21 19:16 B D:\Projekte\www.art-we.de\page\jpg\kontakt.gif --> www.art-we.de /jpg kontakt.gif
105.03.21 19:16 B D:\Projekte\www.art-we.de\page\jpg\kontakt_on.gif --> www.art-we.de /jpg kontakt_on.gif
105.03.21 19:16 B D:\Projekte\www.art-we.de\page\jpg\links.gif --> www.art-we.de /jpg links.gif
105.03.21 19:16 B D:\Projekte\www.art-we.de\page\jpg\links_on.gif --> www.art-we.de /jpg links_on.gif
105.03.21 19:16 B D:\Projekte\www.art-we.de\page\jpg\logo00.gif --> www.art-we.de /jpg logo00.gif
105.03.21 19:16 B D:\Projekte\www.art-we.de\page\jpg\logo01.gif --> www.art-we.de /jpg logo01.gif
105.03.21 19:16 B D:\Projekte\www.art-we.de\page\jpg\oben.html --> www.art-we.de /jpg oben.html
105.03.21 19:16 B D:\Projekte\www.art-we.de\page\jpg\picx.gif --> www.art-we.de /jpg picx.gif
105.03.21 19:16 B D:\Projekte\www.art-we.de\page\jpg\picx2.gif --> www.art-we.de /jpg picx2.gif
105.03.21 19:16 B D:\Projekte\www.art-we.de\page\jpg\presse.gif --> www.art-we.de /jpg presse.gif
105.03.21 19:16 B D:\Projekte\www.art-we.de\page\jpg\presse_on.gif --> www.art-we.de /jpg presse_on.gif
105.03.21 19:16 B D:\Projekte\www.art-we.de\page\jpg\projekte.gif --> www.art-we.de /jpg projekte.gif
105.03.21 19:16 B D:\Projekte\www.art-we.de\page\jpg\projekte_on.gif --> www.art-we.de /jpg projekte_on.gif
105.03.21 19:16 B D:\Projekte\www.art-we.de\page\jpg\vita.gif --> www.art-we.de /jpg vita.gif
105.03.21 19:16 B D:\Projekte\www.art-we.de\page\jpg\vita_on.gif --> www.art-we.de /jpg vita_on.gif
105.03.21 19:16 B D:\Projekte\www.art-we.de\page\jpg\vita_pic.jpg --> www.art-we.de /jpg vita_pic.jpg
105.03.21 19:16 B D:\Projekte\www.art-we.de\page\jpg\WS_FTP.LOG --> www.art-we.de /jpg WS_FTP.LOG
105.03.21 23:52 B D:\Projekte\www.art-we.de\page\jpg\artwe_links.gif --> www.art-we.de /jpg artwe_links.gif
105.03.21 23:52 B D:\Projekte\www.art-we.de\page\jpg\artwe_rechts.gif --> www.art-we.de /jpg artwe_rechts.gif
105.08.26 14:43 B F:\page\version1\jpg\artwe_links.gif --> www.art-we.de /jpg artwe_links.gif
105.08.26 14:43 B F:\page\version1\jpg\artwe_rechts.gif --> www.art-we.de /jpg artwe_rechts.gif
105.08.26 14:43 B F:\page\version1\jpg\galerie.gif --> www.art-we.de /jpg galerie.gif
105.08.26 14:43 B F:\page\version1\jpg\galerie_on.gif --> www.art-we.de /jpg galerie_on.gif
105.08.26 14:43 B F:\page\version1\jpg\home.gif --> www.art-we.de /jpg home.gif
105.08.26 14:43 B F:\page\version1\jpg\home_on.gif --> www.art-we.de /jpg home_on.gif
105.08.26 14:43 B F:\page\version1\jpg\impr.gif --> www.art-we.de /jpg impr.gif
105.08.26 14:43 B F:\page\version1\jpg\impr_on.gif --> www.art-we.de /jpg impr_on.gif
105.08.26 14:43 B F:\page\version1\jpg\kontakt.gif --> www.art-we.de /jpg kontakt.gif
105.08.26 14:43 B F:\page\version1\jpg\kontakt_on.gif --> www.art-we.de /jpg kontakt_on.gif
105.08.26 14:43 B F:\page\version1\jpg\links.gif --> www.art-we.de /jpg links.gif
105.08.26 14:43 B F:\page\version1\jpg\links_on.gif --> www.art-we.de /jpg links_on.gif
105.08.26 14:43 B F:\page\version1\jpg\logo00.gif --> www.art-we.de /jpg logo00.gif
105.08.26 14:43 B F:\page\version1\jpg\logo01.gif --> www.art-we.de /jpg logo01.gif
105.08.26 14:43 B F:\page\version1\jpg\oben.html --> www.art-we.de /jpg oben.html
105.08.26 14:43 B F:\page\version1\jpg\picx.gif --> www.art-we.de /jpg picx.gif
105.08.26 14:43 B F:\page\version1\jpg\picx2.gif --> www.art-we.de /jpg picx2.gif
105.08.26 14:43 B F:\page\version1\jpg\presse.gif --> www.art-we.de /jpg presse.gif
105.08.26 14:43 B F:\page\version1\jpg\presse_on.gif --> www.art-we.de /jpg presse_on.gif
105.08.26 14:43 B F:\page\version1\jpg\projekte.gif --> www.art-we.de /jpg projekte.gif
105.08.26 14:43 B F:\page\version1\jpg\projekte_on.gif --> www.art-we.de /jpg projekte_on.gif
105.08.26 14:43 B F:\page\version1\jpg\Sav17C.tmp --> www.art-we.de /jpg Sav17C.tmp
105.08.26 14:43 B F:\page\version1\jpg\Thumbs.db --> www.art-we.de /jpg Thumbs.db
105.08.26 14:43 B F:\page\version1\jpg\vita.gif --> www.art-we.de /jpg vita.gif
105.08.26 14:43 B F:\page\version1\jpg\vita_on.gif --> www.art-we.de /jpg vita_on.gif
105.08.26 14:43 B F:\page\version1\jpg\vita_pic.jpg --> www.art-we.de /jpg vita_pic.jpg
2015.07.15 16:57 B D:\Webseite Art-We\jpg\blauerabend.jpg --> dashosting.de /jpg blauerabend.jpg
2015.07.15 19:13 B d:\Webseite Art-We\jpg\blauerabend.jpg --> dashosting.de /jpg blauerabend.jpg
